2026-07-13 15:54:53 [31merror[39m: Error: Authentication required. Please log in.
AppError: Authentication required. Please log in.
    at requireAuth (C:\Users\Asus\Desktop\AI Farmer MARKET\server\src\middleware\auth.middleware.js:11:13)
    at Layer.handleRequest (C:\Users\Asus\Desktop\AI Farmer MARKET\server\node_modules\router\lib\layer.js:152:17)
    at next (C:\Users\Asus\Desktop\AI Farmer MARKET\server\node_modules\router\lib\route.js:157:13)
    at Route.dispatch (C:\Users\Asus\Desktop\AI Farmer MARKET\server\node_modules\router\lib\route.js:117:3)
    at handle (C:\Users\Asus\Desktop\AI Farmer MARKET\server\node_modules\router\index.js:435:11)
    at Layer.handleRequest (C:\Users\Asus\Desktop\AI Farmer MARKET\server\node_modules\router\lib\layer.js:152:17)
    at C:\Users\Asus\Desktop\AI Farmer MARKET\server\node_modules\router\index.js:295:15
    at processParams (C:\Users\Asus\Desktop\AI Farmer MARKET\server\node_modules\router\index.js:582:12)
    at next (C:\Users\Asus\Desktop\AI Farmer MARKET\server\node_modules\router\index.js:291:5)
    at router.handle (C:\Users\Asus\Desktop\AI Farmer MARKET\server\node_modules\router\index.js:186:3)
    at router (C:\Users\Asus\Desktop\AI Farmer MARKET\server\node_modules\router\index.js:60:12)
    at Layer.handleRequest (C:\Users\Asus\Desktop\AI Farmer MARKET\server\node_modules\router\lib\layer.js:152:17)
    at trimPrefix (C:\Users\Asus\Desktop\AI Farmer MARKET\server\node_modules\router\index.js:342:13)
    at C:\Users\Asus\Desktop\AI Farmer MARKET\server\node_modules\router\index.js:297:9
    at processParams (C:\Users\Asus\Desktop\AI Farmer MARKET\server\node_modules\router\index.js:582:12)
    at next (C:\Users\Asus\Desktop\AI Farmer MARKET\server\node_modules\router\index.js:291:5)
    at C:\Users\Asus\Desktop\AI Farmer MARKET\server\node_modules\express-rate-limit\dist\index.cjs:999:7
    at processTicksAndRejections (node:internal/process/task_queues:104:5)
    at C:\Users\Asus\Desktop\AI Farmer MARKET\server\node_modules\express-rate-limit\dist\index.cjs:854:5
2026-07-13 15:54:53 [31merror[39m: Error: Authentication required. Please log in.
AppError: Authentication required. Please log in.
    at requireAuth (C:\Users\Asus\Desktop\AI Farmer MARKET\server\src\middleware\auth.middleware.js:11:13)
    at Layer.handleRequest (C:\Users\Asus\Desktop\AI Farmer MARKET\server\node_modules\router\lib\layer.js:152:17)
    at next (C:\Users\Asus\Desktop\AI Farmer MARKET\server\node_modules\router\lib\route.js:157:13)
    at Route.dispatch (C:\Users\Asus\Desktop\AI Farmer MARKET\server\node_modules\router\lib\route.js:117:3)
    at handle (C:\Users\Asus\Desktop\AI Farmer MARKET\server\node_modules\router\index.js:435:11)
    at Layer.handleRequest (C:\Users\Asus\Desktop\AI Farmer MARKET\server\node_modules\router\lib\layer.js:152:17)
    at C:\Users\Asus\Desktop\AI Farmer MARKET\server\node_modules\router\index.js:295:15
    at processParams (C:\Users\Asus\Desktop\AI Farmer MARKET\server\node_modules\router\index.js:582:12)
    at next (C:\Users\Asus\Desktop\AI Farmer MARKET\server\node_modules\router\index.js:291:5)
    at router.handle (C:\Users\Asus\Desktop\AI Farmer MARKET\server\node_modules\router\index.js:186:3)
    at router (C:\Users\Asus\Desktop\AI Farmer MARKET\server\node_modules\router\index.js:60:12)
    at Layer.handleRequest (C:\Users\Asus\Desktop\AI Farmer MARKET\server\node_modules\router\lib\layer.js:152:17)
    at trimPrefix (C:\Users\Asus\Desktop\AI Farmer MARKET\server\node_modules\router\index.js:342:13)
    at C:\Users\Asus\Desktop\AI Farmer MARKET\server\node_modules\router\index.js:297:9
    at processParams (C:\Users\Asus\Desktop\AI Farmer MARKET\server\node_modules\router\index.js:582:12)
    at next (C:\Users\Asus\Desktop\AI Farmer MARKET\server\node_modules\router\index.js:291:5)
    at C:\Users\Asus\Desktop\AI Farmer MARKET\server\node_modules\express-rate-limit\dist\index.cjs:999:7
    at processTicksAndRejections (node:internal/process/task_queues:104:5)
    at C:\Users\Asus\Desktop\AI Farmer MARKET\server\node_modules\express-rate-limit\dist\index.cjs:854:5
2026-07-13 20:09:05 [31merror[39m: Error: Unknown API key your_cloudinary_api_key
2026-07-13 20:17:08 [31merror[39m: Error: jwt expired
TokenExpiredError: jwt expired
    at C:\Users\Asus\Desktop\AI Farmer MARKET\server\node_modules\jsonwebtoken\verify.js:190:21
    at getSecret (C:\Users\Asus\Desktop\AI Farmer MARKET\server\node_modules\jsonwebtoken\verify.js:97:14)
    at module.exports [as verify] (C:\Users\Asus\Desktop\AI Farmer MARKET\server\node_modules\jsonwebtoken\verify.js:101:10)
    at requireAuth (C:\Users\Asus\Desktop\AI Farmer MARKET\server\src\middleware\auth.middleware.js:15:25)
    at Layer.handleRequest (C:\Users\Asus\Desktop\AI Farmer MARKET\server\node_modules\router\lib\layer.js:152:17)
    at next (C:\Users\Asus\Desktop\AI Farmer MARKET\server\node_modules\router\lib\route.js:157:13)
    at Route.dispatch (C:\Users\Asus\Desktop\AI Farmer MARKET\server\node_modules\router\lib\route.js:117:3)
    at handle (C:\Users\Asus\Desktop\AI Farmer MARKET\server\node_modules\router\index.js:435:11)
    at Layer.handleRequest (C:\Users\Asus\Desktop\AI Farmer MARKET\server\node_modules\router\lib\layer.js:152:17)
    at C:\Users\Asus\Desktop\AI Farmer MARKET\server\node_modules\router\index.js:295:15
2026-07-13 20:17:08 [31merror[39m: Error: jwt expired
TokenExpiredError: jwt expired
    at C:\Users\Asus\Desktop\AI Farmer MARKET\server\node_modules\jsonwebtoken\verify.js:190:21
    at getSecret (C:\Users\Asus\Desktop\AI Farmer MARKET\server\node_modules\jsonwebtoken\verify.js:97:14)
    at module.exports [as verify] (C:\Users\Asus\Desktop\AI Farmer MARKET\server\node_modules\jsonwebtoken\verify.js:101:10)
    at requireAuth (C:\Users\Asus\Desktop\AI Farmer MARKET\server\src\middleware\auth.middleware.js:15:25)
    at Layer.handleRequest (C:\Users\Asus\Desktop\AI Farmer MARKET\server\node_modules\router\lib\layer.js:152:17)
    at next (C:\Users\Asus\Desktop\AI Farmer MARKET\server\node_modules\router\lib\route.js:157:13)
    at Route.dispatch (C:\Users\Asus\Desktop\AI Farmer MARKET\server\node_modules\router\lib\route.js:117:3)
    at handle (C:\Users\Asus\Desktop\AI Farmer MARKET\server\node_modules\router\index.js:435:11)
    at Layer.handleRequest (C:\Users\Asus\Desktop\AI Farmer MARKET\server\node_modules\router\lib\layer.js:152:17)
    at C:\Users\Asus\Desktop\AI Farmer MARKET\server\node_modules\router\index.js:295:15
2026-07-13 20:29:51 [31merror[39m: Error: Request failed with status code 401
AxiosError: Request failed with status code 401
    at settle (C:\Users\Asus\Desktop\AI Farmer MARKET\server\node_modules\axios\dist\node\axios.cjs:2216:12)
    at IncomingMessage.handleStreamEnd (C:\Users\Asus\Desktop\AI Farmer MARKET\server\node_modules\axios\dist\node\axios.cjs:4062:11)
    at IncomingMessage.emit (node:events:520:35)
    at endReadableNT (node:internal/streams/readable:1729:12)
    at process.processTicksAndRejections (node:internal/process/task_queues:90:21)
    at Axios.request (C:\Users\Asus\Desktop\AI Farmer MARKET\server\node_modules\axios\dist\node\axios.cjs:5517:41)
    at process.processTicksAndRejections (node:internal/process/task_queues:104:5)
    at async Promise.all (index 0)
    at async getWeather (C:\Users\Asus\Desktop\AI Farmer MARKET\server\src\controllers\weather.controller.js:48:26)
2026-07-13 20:29:51 [31merror[39m: Error: Request failed with status code 401
AxiosError: Request failed with status code 401
    at settle (C:\Users\Asus\Desktop\AI Farmer MARKET\server\node_modules\axios\dist\node\axios.cjs:2216:12)
    at IncomingMessage.handleStreamEnd (C:\Users\Asus\Desktop\AI Farmer MARKET\server\node_modules\axios\dist\node\axios.cjs:4062:11)
    at IncomingMessage.emit (node:events:520:35)
    at endReadableNT (node:internal/streams/readable:1729:12)
    at process.processTicksAndRejections (node:internal/process/task_queues:90:21)
    at Axios.request (C:\Users\Asus\Desktop\AI Farmer MARKET\server\node_modules\axios\dist\node\axios.cjs:5517:41)
    at process.processTicksAndRejections (node:internal/process/task_queues:104:5)
    at async Promise.all (index 1)
    at async getWeather (C:\Users\Asus\Desktop\AI Farmer MARKET\server\src\controllers\weather.controller.js:48:26)
2026-07-13 20:29:51 [31merror[39m: Error: Request failed with status code 401
AxiosError: Request failed with status code 401
    at settle (C:\Users\Asus\Desktop\AI Farmer MARKET\server\node_modules\axios\dist\node\axios.cjs:2216:12)
    at IncomingMessage.handleStreamEnd (C:\Users\Asus\Desktop\AI Farmer MARKET\server\node_modules\axios\dist\node\axios.cjs:4062:11)
    at IncomingMessage.emit (node:events:520:35)
    at endReadableNT (node:internal/streams/readable:1729:12)
    at process.processTicksAndRejections (node:internal/process/task_queues:90:21)
    at Axios.request (C:\Users\Asus\Desktop\AI Farmer MARKET\server\node_modules\axios\dist\node\axios.cjs:5517:41)
    at process.processTicksAndRejections (node:internal/process/task_queues:104:5)
    at async Promise.all (index 0)
    at async getWeather (C:\Users\Asus\Desktop\AI Farmer MARKET\server\src\controllers\weather.controller.js:48:26)
2026-07-13 20:29:52 [31merror[39m: Error: Request failed with status code 401
AxiosError: Request failed with status code 401
    at settle (C:\Users\Asus\Desktop\AI Farmer MARKET\server\node_modules\axios\dist\node\axios.cjs:2216:12)
    at IncomingMessage.handleStreamEnd (C:\Users\Asus\Desktop\AI Farmer MARKET\server\node_modules\axios\dist\node\axios.cjs:4062:11)
    at IncomingMessage.emit (node:events:520:35)
    at endReadableNT (node:internal/streams/readable:1729:12)
    at process.processTicksAndRejections (node:internal/process/task_queues:90:21)
    at Axios.request (C:\Users\Asus\Desktop\AI Farmer MARKET\server\node_modules\axios\dist\node\axios.cjs:5517:41)
    at process.processTicksAndRejections (node:internal/process/task_queues:104:5)
    at async Promise.all (index 1)
    at async getWeather (C:\Users\Asus\Desktop\AI Farmer MARKET\server\src\controllers\weather.controller.js:48:26)
2026-07-13 20:29:56 [31merror[39m: Error: Request failed with status code 401
AxiosError: Request failed with status code 401
    at settle (C:\Users\Asus\Desktop\AI Farmer MARKET\server\node_modules\axios\dist\node\axios.cjs:2216:12)
    at IncomingMessage.handleStreamEnd (C:\Users\Asus\Desktop\AI Farmer MARKET\server\node_modules\axios\dist\node\axios.cjs:4062:11)
    at IncomingMessage.emit (node:events:520:35)
    at endReadableNT (node:internal/streams/readable:1729:12)
    at process.processTicksAndRejections (node:internal/process/task_queues:90:21)
    at Axios.request (C:\Users\Asus\Desktop\AI Farmer MARKET\server\node_modules\axios\dist\node\axios.cjs:5517:41)
    at process.processTicksAndRejections (node:internal/process/task_queues:104:5)
    at async Promise.all (index 1)
    at async getWeather (C:\Users\Asus\Desktop\AI Farmer MARKET\server\src\controllers\weather.controller.js:48:26)
2026-07-13 20:29:56 [31merror[39m: Error: Request failed with status code 401
AxiosError: Request failed with status code 401
    at settle (C:\Users\Asus\Desktop\AI Farmer MARKET\server\node_modules\axios\dist\node\axios.cjs:2216:12)
    at IncomingMessage.handleStreamEnd (C:\Users\Asus\Desktop\AI Farmer MARKET\server\node_modules\axios\dist\node\axios.cjs:4062:11)
    at IncomingMessage.emit (node:events:520:35)
    at endReadableNT (node:internal/streams/readable:1729:12)
    at process.processTicksAndRejections (node:internal/process/task_queues:90:21)
    at Axios.request (C:\Users\Asus\Desktop\AI Farmer MARKET\server\node_modules\axios\dist\node\axios.cjs:5517:41)
    at process.processTicksAndRejections (node:internal/process/task_queues:104:5)
    at async Promise.all (index 1)
    at async getWeather (C:\Users\Asus\Desktop\AI Farmer MARKET\server\src\controllers\weather.controller.js:48:26)
2026-07-13 20:29:58 [31merror[39m: Error: Request failed with status code 401
AxiosError: Request failed with status code 401
    at settle (C:\Users\Asus\Desktop\AI Farmer MARKET\server\node_modules\axios\dist\node\axios.cjs:2216:12)
    at IncomingMessage.handleStreamEnd (C:\Users\Asus\Desktop\AI Farmer MARKET\server\node_modules\axios\dist\node\axios.cjs:4062:11)
    at IncomingMessage.emit (node:events:520:35)
    at endReadableNT (node:internal/streams/readable:1729:12)
    at process.processTicksAndRejections (node:internal/process/task_queues:90:21)
    at Axios.request (C:\Users\Asus\Desktop\AI Farmer MARKET\server\node_modules\axios\dist\node\axios.cjs:5517:41)
    at process.processTicksAndRejections (node:internal/process/task_queues:104:5)
    at async Promise.all (index 0)
    at async getWeather (C:\Users\Asus\Desktop\AI Farmer MARKET\server\src\controllers\weather.controller.js:48:26)
2026-07-13 20:29:58 [31merror[39m: Error: Request failed with status code 401
AxiosError: Request failed with status code 401
    at settle (C:\Users\Asus\Desktop\AI Farmer MARKET\server\node_modules\axios\dist\node\axios.cjs:2216:12)
    at IncomingMessage.handleStreamEnd (C:\Users\Asus\Desktop\AI Farmer MARKET\server\node_modules\axios\dist\node\axios.cjs:4062:11)
    at IncomingMessage.emit (node:events:520:35)
    at endReadableNT (node:internal/streams/readable:1729:12)
    at process.processTicksAndRejections (node:internal/process/task_queues:90:21)
    at Axios.request (C:\Users\Asus\Desktop\AI Farmer MARKET\server\node_modules\axios\dist\node\axios.cjs:5517:41)
    at process.processTicksAndRejections (node:internal/process/task_queues:104:5)
    at async Promise.all (index 0)
    at async getWeather (C:\Users\Asus\Desktop\AI Farmer MARKET\server\src\controllers\weather.controller.js:48:26)
2026-07-13 20:29:59 [31merror[39m: Error: Request failed with status code 401
AxiosError: Request failed with status code 401
    at settle (C:\Users\Asus\Desktop\AI Farmer MARKET\server\node_modules\axios\dist\node\axios.cjs:2216:12)
    at IncomingMessage.handleStreamEnd (C:\Users\Asus\Desktop\AI Farmer MARKET\server\node_modules\axios\dist\node\axios.cjs:4062:11)
    at IncomingMessage.emit (node:events:520:35)
    at endReadableNT (node:internal/streams/readable:1729:12)
    at process.processTicksAndRejections (node:internal/process/task_queues:90:21)
    at Axios.request (C:\Users\Asus\Desktop\AI Farmer MARKET\server\node_modules\axios\dist\node\axios.cjs:5517:41)
    at process.processTicksAndRejections (node:internal/process/task_queues:104:5)
    at async Promise.all (index 0)
    at async getWeather (C:\Users\Asus\Desktop\AI Farmer MARKET\server\src\controllers\weather.controller.js:48:26)
2026-07-13 20:29:59 [31merror[39m: Error: Request failed with status code 401
AxiosError: Request failed with status code 401
    at settle (C:\Users\Asus\Desktop\AI Farmer MARKET\server\node_modules\axios\dist\node\axios.cjs:2216:12)
    at IncomingMessage.handleStreamEnd (C:\Users\Asus\Desktop\AI Farmer MARKET\server\node_modules\axios\dist\node\axios.cjs:4062:11)
    at IncomingMessage.emit (node:events:520:35)
    at endReadableNT (node:internal/streams/readable:1729:12)
    at process.processTicksAndRejections (node:internal/process/task_queues:90:21)
    at Axios.request (C:\Users\Asus\Desktop\AI Farmer MARKET\server\node_modules\axios\dist\node\axios.cjs:5517:41)
    at process.processTicksAndRejections (node:internal/process/task_queues:104:5)
    at async Promise.all (index 0)
    at async getWeather (C:\Users\Asus\Desktop\AI Farmer MARKET\server\src\controllers\weather.controller.js:48:26)
2026-07-13 20:30:02 [31merror[39m: Error: Request failed with status code 401
AxiosError: Request failed with status code 401
    at settle (C:\Users\Asus\Desktop\AI Farmer MARKET\server\node_modules\axios\dist\node\axios.cjs:2216:12)
    at IncomingMessage.handleStreamEnd (C:\Users\Asus\Desktop\AI Farmer MARKET\server\node_modules\axios\dist\node\axios.cjs:4062:11)
    at IncomingMessage.emit (node:events:520:35)
    at endReadableNT (node:internal/streams/readable:1729:12)
    at process.processTicksAndRejections (node:internal/process/task_queues:90:21)
    at Axios.request (C:\Users\Asus\Desktop\AI Farmer MARKET\server\node_modules\axios\dist\node\axios.cjs:5517:41)
    at process.processTicksAndRejections (node:internal/process/task_queues:104:5)
    at async Promise.all (index 0)
    at async getWeather (C:\Users\Asus\Desktop\AI Farmer MARKET\server\src\controllers\weather.controller.js:48:26)
2026-07-13 20:30:03 [31merror[39m: Error: Request failed with status code 401
AxiosError: Request failed with status code 401
    at settle (C:\Users\Asus\Desktop\AI Farmer MARKET\server\node_modules\axios\dist\node\axios.cjs:2216:12)
    at IncomingMessage.handleStreamEnd (C:\Users\Asus\Desktop\AI Farmer MARKET\server\node_modules\axios\dist\node\axios.cjs:4062:11)
    at IncomingMessage.emit (node:events:520:35)
    at endReadableNT (node:internal/streams/readable:1729:12)
    at process.processTicksAndRejections (node:internal/process/task_queues:90:21)
    at Axios.request (C:\Users\Asus\Desktop\AI Farmer MARKET\server\node_modules\axios\dist\node\axios.cjs:5517:41)
    at process.processTicksAndRejections (node:internal/process/task_queues:104:5)
    at async Promise.all (index 1)
    at async getWeather (C:\Users\Asus\Desktop\AI Farmer MARKET\server\src\controllers\weather.controller.js:48:26)
2026-07-13 20:30:43 [31merror[39m: Error: Request failed with status code 401
AxiosError: Request failed with status code 401
    at settle (C:\Users\Asus\Desktop\AI Farmer MARKET\server\node_modules\axios\dist\node\axios.cjs:2216:12)
    at IncomingMessage.handleStreamEnd (C:\Users\Asus\Desktop\AI Farmer MARKET\server\node_modules\axios\dist\node\axios.cjs:4062:11)
    at IncomingMessage.emit (node:events:520:35)
    at endReadableNT (node:internal/streams/readable:1729:12)
    at process.processTicksAndRejections (node:internal/process/task_queues:90:21)
    at Axios.request (C:\Users\Asus\Desktop\AI Farmer MARKET\server\node_modules\axios\dist\node\axios.cjs:5517:41)
    at process.processTicksAndRejections (node:internal/process/task_queues:104:5)
    at async Promise.all (index 0)
    at async getWeather (C:\Users\Asus\Desktop\AI Farmer MARKET\server\src\controllers\weather.controller.js:48:26)
2026-07-13 20:30:43 [31merror[39m: Error: Request failed with status code 401
AxiosError: Request failed with status code 401
    at settle (C:\Users\Asus\Desktop\AI Farmer MARKET\server\node_modules\axios\dist\node\axios.cjs:2216:12)
    at IncomingMessage.handleStreamEnd (C:\Users\Asus\Desktop\AI Farmer MARKET\server\node_modules\axios\dist\node\axios.cjs:4062:11)
    at IncomingMessage.emit (node:events:520:35)
    at endReadableNT (node:internal/streams/readable:1729:12)
    at process.processTicksAndRejections (node:internal/process/task_queues:90:21)
    at Axios.request (C:\Users\Asus\Desktop\AI Farmer MARKET\server\node_modules\axios\dist\node\axios.cjs:5517:41)
    at process.processTicksAndRejections (node:internal/process/task_queues:104:5)
    at async Promise.all (index 0)
    at async getWeather (C:\Users\Asus\Desktop\AI Farmer MARKET\server\src\controllers\weather.controller.js:48:26)
2026-07-13 20:30:43 [31merror[39m: Error: Request failed with status code 401
AxiosError: Request failed with status code 401
    at settle (C:\Users\Asus\Desktop\AI Farmer MARKET\server\node_modules\axios\dist\node\axios.cjs:2216:12)
    at IncomingMessage.handleStreamEnd (C:\Users\Asus\Desktop\AI Farmer MARKET\server\node_modules\axios\dist\node\axios.cjs:4062:11)
    at IncomingMessage.emit (node:events:520:35)
    at endReadableNT (node:internal/streams/readable:1729:12)
    at process.processTicksAndRejections (node:internal/process/task_queues:90:21)
    at Axios.request (C:\Users\Asus\Desktop\AI Farmer MARKET\server\node_modules\axios\dist\node\axios.cjs:5517:41)
    at process.processTicksAndRejections (node:internal/process/task_queues:104:5)
    at async Promise.all (index 0)
    at async getWeather (C:\Users\Asus\Desktop\AI Farmer MARKET\server\src\controllers\weather.controller.js:48:26)
2026-07-13 20:30:43 [31merror[39m: Error: Request failed with status code 401
AxiosError: Request failed with status code 401
    at settle (C:\Users\Asus\Desktop\AI Farmer MARKET\server\node_modules\axios\dist\node\axios.cjs:2216:12)
    at IncomingMessage.handleStreamEnd (C:\Users\Asus\Desktop\AI Farmer MARKET\server\node_modules\axios\dist\node\axios.cjs:4062:11)
    at IncomingMessage.emit (node:events:520:35)
    at endReadableNT (node:internal/streams/readable:1729:12)
    at process.processTicksAndRejections (node:internal/process/task_queues:90:21)
    at Axios.request (C:\Users\Asus\Desktop\AI Farmer MARKET\server\node_modules\axios\dist\node\axios.cjs:5517:41)
    at process.processTicksAndRejections (node:internal/process/task_queues:104:5)
    at async Promise.all (index 1)
    at async getWeather (C:\Users\Asus\Desktop\AI Farmer MARKET\server\src\controllers\weather.controller.js:48:26)
2026-07-13 20:30:49 [31merror[39m: Error: Request failed with status code 401
AxiosError: Request failed with status code 401
    at settle (C:\Users\Asus\Desktop\AI Farmer MARKET\server\node_modules\axios\dist\node\axios.cjs:2216:12)
    at IncomingMessage.handleStreamEnd (C:\Users\Asus\Desktop\AI Farmer MARKET\server\node_modules\axios\dist\node\axios.cjs:4062:11)
    at IncomingMessage.emit (node:events:520:35)
    at endReadableNT (node:internal/streams/readable:1729:12)
    at process.processTicksAndRejections (node:internal/process/task_queues:90:21)
    at Axios.request (C:\Users\Asus\Desktop\AI Farmer MARKET\server\node_modules\axios\dist\node\axios.cjs:5517:41)
    at process.processTicksAndRejections (node:internal/process/task_queues:104:5)
    at async Promise.all (index 0)
    at async getWeather (C:\Users\Asus\Desktop\AI Farmer MARKET\server\src\controllers\weather.controller.js:48:26)
2026-07-13 20:30:49 [31merror[39m: Error: Request failed with status code 401
AxiosError: Request failed with status code 401
    at settle (C:\Users\Asus\Desktop\AI Farmer MARKET\server\node_modules\axios\dist\node\axios.cjs:2216:12)
    at IncomingMessage.handleStreamEnd (C:\Users\Asus\Desktop\AI Farmer MARKET\server\node_modules\axios\dist\node\axios.cjs:4062:11)
    at IncomingMessage.emit (node:events:520:35)
    at endReadableNT (node:internal/streams/readable:1729:12)
    at process.processTicksAndRejections (node:internal/process/task_queues:90:21)
    at Axios.request (C:\Users\Asus\Desktop\AI Farmer MARKET\server\node_modules\axios\dist\node\axios.cjs:5517:41)
    at process.processTicksAndRejections (node:internal/process/task_queues:104:5)
    at async Promise.all (index 0)
    at async getWeather (C:\Users\Asus\Desktop\AI Farmer MARKET\server\src\controllers\weather.controller.js:48:26)
2026-07-13 20:30:49 [31merror[39m: Error: Request failed with status code 401
AxiosError: Request failed with status code 401
    at settle (C:\Users\Asus\Desktop\AI Farmer MARKET\server\node_modules\axios\dist\node\axios.cjs:2216:12)
    at IncomingMessage.handleStreamEnd (C:\Users\Asus\Desktop\AI Farmer MARKET\server\node_modules\axios\dist\node\axios.cjs:4062:11)
    at IncomingMessage.emit (node:events:520:35)
    at endReadableNT (node:internal/streams/readable:1729:12)
    at process.processTicksAndRejections (node:internal/process/task_queues:90:21)
    at Axios.request (C:\Users\Asus\Desktop\AI Farmer MARKET\server\node_modules\axios\dist\node\axios.cjs:5517:41)
    at process.processTicksAndRejections (node:internal/process/task_queues:104:5)
    at async Promise.all (index 0)
    at async getWeather (C:\Users\Asus\Desktop\AI Farmer MARKET\server\src\controllers\weather.controller.js:48:26)
2026-07-13 20:30:49 [31merror[39m: Error: Request failed with status code 401
AxiosError: Request failed with status code 401
    at settle (C:\Users\Asus\Desktop\AI Farmer MARKET\server\node_modules\axios\dist\node\axios.cjs:2216:12)
    at IncomingMessage.handleStreamEnd (C:\Users\Asus\Desktop\AI Farmer MARKET\server\node_modules\axios\dist\node\axios.cjs:4062:11)
    at IncomingMessage.emit (node:events:520:35)
    at endReadableNT (node:internal/streams/readable:1729:12)
    at process.processTicksAndRejections (node:internal/process/task_queues:90:21)
    at Axios.request (C:\Users\Asus\Desktop\AI Farmer MARKET\server\node_modules\axios\dist\node\axios.cjs:5517:41)
    at process.processTicksAndRejections (node:internal/process/task_queues:104:5)
    at async Promise.all (index 0)
    at async getWeather (C:\Users\Asus\Desktop\AI Farmer MARKET\server\src\controllers\weather.controller.js:48:26)
2026-07-13 21:32:06 [31merror[39m: Error: jwt expired
TokenExpiredError: jwt expired
    at C:\Users\Asus\Desktop\AI Farmer MARKET\server\node_modules\jsonwebtoken\verify.js:190:21
    at getSecret (C:\Users\Asus\Desktop\AI Farmer MARKET\server\node_modules\jsonwebtoken\verify.js:97:14)
    at module.exports [as verify] (C:\Users\Asus\Desktop\AI Farmer MARKET\server\node_modules\jsonwebtoken\verify.js:101:10)
    at requireAuth (C:\Users\Asus\Desktop\AI Farmer MARKET\server\src\middleware\auth.middleware.js:15:25)
    at Layer.handleRequest (C:\Users\Asus\Desktop\AI Farmer MARKET\server\node_modules\router\lib\layer.js:152:17)
    at next (C:\Users\Asus\Desktop\AI Farmer MARKET\server\node_modules\router\lib\route.js:157:13)
    at Route.dispatch (C:\Users\Asus\Desktop\AI Farmer MARKET\server\node_modules\router\lib\route.js:117:3)
    at handle (C:\Users\Asus\Desktop\AI Farmer MARKET\server\node_modules\router\index.js:435:11)
    at Layer.handleRequest (C:\Users\Asus\Desktop\AI Farmer MARKET\server\node_modules\router\lib\layer.js:152:17)
    at C:\Users\Asus\Desktop\AI Farmer MARKET\server\node_modules\router\index.js:295:15
2026-07-13 21:32:06 [31merror[39m: Error: jwt expired
TokenExpiredError: jwt expired
    at C:\Users\Asus\Desktop\AI Farmer MARKET\server\node_modules\jsonwebtoken\verify.js:190:21
    at getSecret (C:\Users\Asus\Desktop\AI Farmer MARKET\server\node_modules\jsonwebtoken\verify.js:97:14)
    at module.exports [as verify] (C:\Users\Asus\Desktop\AI Farmer MARKET\server\node_modules\jsonwebtoken\verify.js:101:10)
    at requireAuth (C:\Users\Asus\Desktop\AI Farmer MARKET\server\src\middleware\auth.middleware.js:15:25)
    at Layer.handleRequest (C:\Users\Asus\Desktop\AI Farmer MARKET\server\node_modules\router\lib\layer.js:152:17)
    at next (C:\Users\Asus\Desktop\AI Farmer MARKET\server\node_modules\router\lib\route.js:157:13)
    at Route.dispatch (C:\Users\Asus\Desktop\AI Farmer MARKET\server\node_modules\router\lib\route.js:117:3)
    at handle (C:\Users\Asus\Desktop\AI Farmer MARKET\server\node_modules\router\index.js:435:11)
    at Layer.handleRequest (C:\Users\Asus\Desktop\AI Farmer MARKET\server\node_modules\router\lib\layer.js:152:17)
    at C:\Users\Asus\Desktop\AI Farmer MARKET\server\node_modules\router\index.js:295:15
2026-07-13 21:35:59 [31merror[39m: Error: jwt expired
TokenExpiredError: jwt expired
    at C:\Users\Asus\Desktop\AI Farmer MARKET\server\node_modules\jsonwebtoken\verify.js:190:21
    at getSecret (C:\Users\Asus\Desktop\AI Farmer MARKET\server\node_modules\jsonwebtoken\verify.js:97:14)
    at module.exports [as verify] (C:\Users\Asus\Desktop\AI Farmer MARKET\server\node_modules\jsonwebtoken\verify.js:101:10)
    at requireAuth (C:\Users\Asus\Desktop\AI Farmer MARKET\server\src\middleware\auth.middleware.js:15:25)
    at Layer.handleRequest (C:\Users\Asus\Desktop\AI Farmer MARKET\server\node_modules\router\lib\layer.js:152:17)
    at next (C:\Users\Asus\Desktop\AI Farmer MARKET\server\node_modules\router\lib\route.js:157:13)
    at Route.dispatch (C:\Users\Asus\Desktop\AI Farmer MARKET\server\node_modules\router\lib\route.js:117:3)
    at handle (C:\Users\Asus\Desktop\AI Farmer MARKET\server\node_modules\router\index.js:435:11)
    at Layer.handleRequest (C:\Users\Asus\Desktop\AI Farmer MARKET\server\node_modules\router\lib\layer.js:152:17)
    at C:\Users\Asus\Desktop\AI Farmer MARKET\server\node_modules\router\index.js:295:15
2026-07-14 21:37:41 [31merror[39m: Error: jwt expired
TokenExpiredError: jwt expired
    at C:\Users\Asus\Desktop\AI Farmer MARKET\server\node_modules\jsonwebtoken\verify.js:190:21
    at getSecret (C:\Users\Asus\Desktop\AI Farmer MARKET\server\node_modules\jsonwebtoken\verify.js:97:14)
    at module.exports [as verify] (C:\Users\Asus\Desktop\AI Farmer MARKET\server\node_modules\jsonwebtoken\verify.js:101:10)
    at requireAuth (C:\Users\Asus\Desktop\AI Farmer MARKET\server\src\middleware\auth.middleware.js:15:25)
    at Layer.handleRequest (C:\Users\Asus\Desktop\AI Farmer MARKET\server\node_modules\router\lib\layer.js:152:17)
    at next (C:\Users\Asus\Desktop\AI Farmer MARKET\server\node_modules\router\lib\route.js:157:13)
    at Route.dispatch (C:\Users\Asus\Desktop\AI Farmer MARKET\server\node_modules\router\lib\route.js:117:3)
    at handle (C:\Users\Asus\Desktop\AI Farmer MARKET\server\node_modules\router\index.js:435:11)
    at Layer.handleRequest (C:\Users\Asus\Desktop\AI Farmer MARKET\server\node_modules\router\lib\layer.js:152:17)
    at C:\Users\Asus\Desktop\AI Farmer MARKET\server\node_modules\router\index.js:295:15
2026-07-14 21:37:41 [31merror[39m: Error: jwt expired
TokenExpiredError: jwt expired
    at C:\Users\Asus\Desktop\AI Farmer MARKET\server\node_modules\jsonwebtoken\verify.js:190:21
    at getSecret (C:\Users\Asus\Desktop\AI Farmer MARKET\server\node_modules\jsonwebtoken\verify.js:97:14)
    at module.exports [as verify] (C:\Users\Asus\Desktop\AI Farmer MARKET\server\node_modules\jsonwebtoken\verify.js:101:10)
    at requireAuth (C:\Users\Asus\Desktop\AI Farmer MARKET\server\src\middleware\auth.middleware.js:15:25)
    at Layer.handleRequest (C:\Users\Asus\Desktop\AI Farmer MARKET\server\node_modules\router\lib\layer.js:152:17)
    at next (C:\Users\Asus\Desktop\AI Farmer MARKET\server\node_modules\router\lib\route.js:157:13)
    at Route.dispatch (C:\Users\Asus\Desktop\AI Farmer MARKET\server\node_modules\router\lib\route.js:117:3)
    at handle (C:\Users\Asus\Desktop\AI Farmer MARKET\server\node_modules\router\index.js:435:11)
    at Layer.handleRequest (C:\Users\Asus\Desktop\AI Farmer MARKET\server\node_modules\router\lib\layer.js:152:17)
    at C:\Users\Asus\Desktop\AI Farmer MARKET\server\node_modules\router\index.js:295:15
2026-07-14 21:37:42 [31merror[39m: Error: jwt expired
TokenExpiredError: jwt expired
    at C:\Users\Asus\Desktop\AI Farmer MARKET\server\node_modules\jsonwebtoken\verify.js:190:21
    at getSecret (C:\Users\Asus\Desktop\AI Farmer MARKET\server\node_modules\jsonwebtoken\verify.js:97:14)
    at module.exports [as verify] (C:\Users\Asus\Desktop\AI Farmer MARKET\server\node_modules\jsonwebtoken\verify.js:101:10)
    at requireAuth (C:\Users\Asus\Desktop\AI Farmer MARKET\server\src\middleware\auth.middleware.js:15:25)
    at Layer.handleRequest (C:\Users\Asus\Desktop\AI Farmer MARKET\server\node_modules\router\lib\layer.js:152:17)
    at next (C:\Users\Asus\Desktop\AI Farmer MARKET\server\node_modules\router\lib\route.js:157:13)
    at Route.dispatch (C:\Users\Asus\Desktop\AI Farmer MARKET\server\node_modules\router\lib\route.js:117:3)
    at handle (C:\Users\Asus\Desktop\AI Farmer MARKET\server\node_modules\router\index.js:435:11)
    at Layer.handleRequest (C:\Users\Asus\Desktop\AI Farmer MARKET\server\node_modules\router\lib\layer.js:152:17)
    at C:\Users\Asus\Desktop\AI Farmer MARKET\server\node_modules\router\index.js:295:15
2026-07-14 21:37:42 [31merror[39m: Error: jwt expired
TokenExpiredError: jwt expired
    at C:\Users\Asus\Desktop\AI Farmer MARKET\server\node_modules\jsonwebtoken\verify.js:190:21
    at getSecret (C:\Users\Asus\Desktop\AI Farmer MARKET\server\node_modules\jsonwebtoken\verify.js:97:14)
    at module.exports [as verify] (C:\Users\Asus\Desktop\AI Farmer MARKET\server\node_modules\jsonwebtoken\verify.js:101:10)
    at requireAuth (C:\Users\Asus\Desktop\AI Farmer MARKET\server\src\middleware\auth.middleware.js:15:25)
    at Layer.handleRequest (C:\Users\Asus\Desktop\AI Farmer MARKET\server\node_modules\router\lib\layer.js:152:17)
    at next (C:\Users\Asus\Desktop\AI Farmer MARKET\server\node_modules\router\lib\route.js:157:13)
    at Route.dispatch (C:\Users\Asus\Desktop\AI Farmer MARKET\server\node_modules\router\lib\route.js:117:3)
    at handle (C:\Users\Asus\Desktop\AI Farmer MARKET\server\node_modules\router\index.js:435:11)
    at Layer.handleRequest (C:\Users\Asus\Desktop\AI Farmer MARKET\server\node_modules\router\lib\layer.js:152:17)
    at C:\Users\Asus\Desktop\AI Farmer MARKET\server\node_modules\router\index.js:295:15
2026-07-14 22:00:12 [31merror[39m: Error: jwt expired
TokenExpiredError: jwt expired
    at C:\Users\Asus\Desktop\AI Farmer MARKET\server\node_modules\jsonwebtoken\verify.js:190:21
    at getSecret (C:\Users\Asus\Desktop\AI Farmer MARKET\server\node_modules\jsonwebtoken\verify.js:97:14)
    at module.exports [as verify] (C:\Users\Asus\Desktop\AI Farmer MARKET\server\node_modules\jsonwebtoken\verify.js:101:10)
    at requireAuth (C:\Users\Asus\Desktop\AI Farmer MARKET\server\src\middleware\auth.middleware.js:15:25)
    at Layer.handleRequest (C:\Users\Asus\Desktop\AI Farmer MARKET\server\node_modules\router\lib\layer.js:152:17)
    at next (C:\Users\Asus\Desktop\AI Farmer MARKET\server\node_modules\router\lib\route.js:157:13)
    at Route.dispatch (C:\Users\Asus\Desktop\AI Farmer MARKET\server\node_modules\router\lib\route.js:117:3)
    at handle (C:\Users\Asus\Desktop\AI Farmer MARKET\server\node_modules\router\index.js:435:11)
    at Layer.handleRequest (C:\Users\Asus\Desktop\AI Farmer MARKET\server\node_modules\router\lib\layer.js:152:17)
    at C:\Users\Asus\Desktop\AI Farmer MARKET\server\node_modules\router\index.js:295:15
2026-07-14 22:00:12 [31merror[39m: Error: jwt expired
TokenExpiredError: jwt expired
    at C:\Users\Asus\Desktop\AI Farmer MARKET\server\node_modules\jsonwebtoken\verify.js:190:21
    at getSecret (C:\Users\Asus\Desktop\AI Farmer MARKET\server\node_modules\jsonwebtoken\verify.js:97:14)
    at module.exports [as verify] (C:\Users\Asus\Desktop\AI Farmer MARKET\server\node_modules\jsonwebtoken\verify.js:101:10)
    at requireAuth (C:\Users\Asus\Desktop\AI Farmer MARKET\server\src\middleware\auth.middleware.js:15:25)
    at Layer.handleRequest (C:\Users\Asus\Desktop\AI Farmer MARKET\server\node_modules\router\lib\layer.js:152:17)
    at next (C:\Users\Asus\Desktop\AI Farmer MARKET\server\node_modules\router\lib\route.js:157:13)
    at Route.dispatch (C:\Users\Asus\Desktop\AI Farmer MARKET\server\node_modules\router\lib\route.js:117:3)
    at handle (C:\Users\Asus\Desktop\AI Farmer MARKET\server\node_modules\router\index.js:435:11)
    at Layer.handleRequest (C:\Users\Asus\Desktop\AI Farmer MARKET\server\node_modules\router\lib\layer.js:152:17)
    at C:\Users\Asus\Desktop\AI Farmer MARKET\server\node_modules\router\index.js:295:15
2026-07-14 22:00:12 [31merror[39m: Error: jwt expired
TokenExpiredError: jwt expired
    at C:\Users\Asus\Desktop\AI Farmer MARKET\server\node_modules\jsonwebtoken\verify.js:190:21
    at getSecret (C:\Users\Asus\Desktop\AI Farmer MARKET\server\node_modules\jsonwebtoken\verify.js:97:14)
    at module.exports [as verify] (C:\Users\Asus\Desktop\AI Farmer MARKET\server\node_modules\jsonwebtoken\verify.js:101:10)
    at requireAuth (C:\Users\Asus\Desktop\AI Farmer MARKET\server\src\middleware\auth.middleware.js:15:25)
    at Layer.handleRequest (C:\Users\Asus\Desktop\AI Farmer MARKET\server\node_modules\router\lib\layer.js:152:17)
    at next (C:\Users\Asus\Desktop\AI Farmer MARKET\server\node_modules\router\lib\route.js:157:13)
    at Route.dispatch (C:\Users\Asus\Desktop\AI Farmer MARKET\server\node_modules\router\lib\route.js:117:3)
    at handle (C:\Users\Asus\Desktop\AI Farmer MARKET\server\node_modules\router\index.js:435:11)
    at Layer.handleRequest (C:\Users\Asus\Desktop\AI Farmer MARKET\server\node_modules\router\lib\layer.js:152:17)
    at C:\Users\Asus\Desktop\AI Farmer MARKET\server\node_modules\router\index.js:295:15
2026-07-14 22:00:12 [31merror[39m: Error: jwt expired
TokenExpiredError: jwt expired
    at C:\Users\Asus\Desktop\AI Farmer MARKET\server\node_modules\jsonwebtoken\verify.js:190:21
    at getSecret (C:\Users\Asus\Desktop\AI Farmer MARKET\server\node_modules\jsonwebtoken\verify.js:97:14)
    at module.exports [as verify] (C:\Users\Asus\Desktop\AI Farmer MARKET\server\node_modules\jsonwebtoken\verify.js:101:10)
    at requireAuth (C:\Users\Asus\Desktop\AI Farmer MARKET\server\src\middleware\auth.middleware.js:15:25)
    at Layer.handleRequest (C:\Users\Asus\Desktop\AI Farmer MARKET\server\node_modules\router\lib\layer.js:152:17)
    at next (C:\Users\Asus\Desktop\AI Farmer MARKET\server\node_modules\router\lib\route.js:157:13)
    at Route.dispatch (C:\Users\Asus\Desktop\AI Farmer MARKET\server\node_modules\router\lib\route.js:117:3)
    at handle (C:\Users\Asus\Desktop\AI Farmer MARKET\server\node_modules\router\index.js:435:11)
    at Layer.handleRequest (C:\Users\Asus\Desktop\AI Farmer MARKET\server\node_modules\router\lib\layer.js:152:17)
    at C:\Users\Asus\Desktop\AI Farmer MARKET\server\node_modules\router\index.js:295:15
2026-07-15 19:20:40 [31merror[39m: Error: jwt expired
TokenExpiredError: jwt expired
    at C:\Users\Asus\Desktop\AI Farmer MARKET\server\node_modules\jsonwebtoken\verify.js:190:21
    at getSecret (C:\Users\Asus\Desktop\AI Farmer MARKET\server\node_modules\jsonwebtoken\verify.js:97:14)
    at module.exports [as verify] (C:\Users\Asus\Desktop\AI Farmer MARKET\server\node_modules\jsonwebtoken\verify.js:101:10)
    at requireAuth (C:\Users\Asus\Desktop\AI Farmer MARKET\server\src\middleware\auth.middleware.js:15:25)
    at Layer.handleRequest (C:\Users\Asus\Desktop\AI Farmer MARKET\server\node_modules\router\lib\layer.js:152:17)
    at next (C:\Users\Asus\Desktop\AI Farmer MARKET\server\node_modules\router\lib\route.js:157:13)
    at Route.dispatch (C:\Users\Asus\Desktop\AI Farmer MARKET\server\node_modules\router\lib\route.js:117:3)
    at handle (C:\Users\Asus\Desktop\AI Farmer MARKET\server\node_modules\router\index.js:435:11)
    at Layer.handleRequest (C:\Users\Asus\Desktop\AI Farmer MARKET\server\node_modules\router\lib\layer.js:152:17)
    at C:\Users\Asus\Desktop\AI Farmer MARKET\server\node_modules\router\index.js:295:15
2026-07-15 19:20:40 [31merror[39m: Error: jwt expired
TokenExpiredError: jwt expired
    at C:\Users\Asus\Desktop\AI Farmer MARKET\server\node_modules\jsonwebtoken\verify.js:190:21
    at getSecret (C:\Users\Asus\Desktop\AI Farmer MARKET\server\node_modules\jsonwebtoken\verify.js:97:14)
    at module.exports [as verify] (C:\Users\Asus\Desktop\AI Farmer MARKET\server\node_modules\jsonwebtoken\verify.js:101:10)
    at requireAuth (C:\Users\Asus\Desktop\AI Farmer MARKET\server\src\middleware\auth.middleware.js:15:25)
    at Layer.handleRequest (C:\Users\Asus\Desktop\AI Farmer MARKET\server\node_modules\router\lib\layer.js:152:17)
    at next (C:\Users\Asus\Desktop\AI Farmer MARKET\server\node_modules\router\lib\route.js:157:13)
    at Route.dispatch (C:\Users\Asus\Desktop\AI Farmer MARKET\server\node_modules\router\lib\route.js:117:3)
    at handle (C:\Users\Asus\Desktop\AI Farmer MARKET\server\node_modules\router\index.js:435:11)
    at Layer.handleRequest (C:\Users\Asus\Desktop\AI Farmer MARKET\server\node_modules\router\lib\layer.js:152:17)
    at C:\Users\Asus\Desktop\AI Farmer MARKET\server\node_modules\router\index.js:295:15
2026-07-15 19:20:40 [31merror[39m: Error: jwt expired
TokenExpiredError: jwt expired
    at C:\Users\Asus\Desktop\AI Farmer MARKET\server\node_modules\jsonwebtoken\verify.js:190:21
    at getSecret (C:\Users\Asus\Desktop\AI Farmer MARKET\server\node_modules\jsonwebtoken\verify.js:97:14)
    at module.exports [as verify] (C:\Users\Asus\Desktop\AI Farmer MARKET\server\node_modules\jsonwebtoken\verify.js:101:10)
    at requireAuth (C:\Users\Asus\Desktop\AI Farmer MARKET\server\src\middleware\auth.middleware.js:15:25)
    at Layer.handleRequest (C:\Users\Asus\Desktop\AI Farmer MARKET\server\node_modules\router\lib\layer.js:152:17)
    at next (C:\Users\Asus\Desktop\AI Farmer MARKET\server\node_modules\router\lib\route.js:157:13)
    at Route.dispatch (C:\Users\Asus\Desktop\AI Farmer MARKET\server\node_modules\router\lib\route.js:117:3)
    at handle (C:\Users\Asus\Desktop\AI Farmer MARKET\server\node_modules\router\index.js:435:11)
    at Layer.handleRequest (C:\Users\Asus\Desktop\AI Farmer MARKET\server\node_modules\router\lib\layer.js:152:17)
    at C:\Users\Asus\Desktop\AI Farmer MARKET\server\node_modules\router\index.js:295:15
2026-07-15 19:20:40 [31merror[39m: Error: jwt expired
TokenExpiredError: jwt expired
    at C:\Users\Asus\Desktop\AI Farmer MARKET\server\node_modules\jsonwebtoken\verify.js:190:21
    at getSecret (C:\Users\Asus\Desktop\AI Farmer MARKET\server\node_modules\jsonwebtoken\verify.js:97:14)
    at module.exports [as verify] (C:\Users\Asus\Desktop\AI Farmer MARKET\server\node_modules\jsonwebtoken\verify.js:101:10)
    at requireAuth (C:\Users\Asus\Desktop\AI Farmer MARKET\server\src\middleware\auth.middleware.js:15:25)
    at Layer.handleRequest (C:\Users\Asus\Desktop\AI Farmer MARKET\server\node_modules\router\lib\layer.js:152:17)
    at next (C:\Users\Asus\Desktop\AI Farmer MARKET\server\node_modules\router\lib\route.js:157:13)
    at Route.dispatch (C:\Users\Asus\Desktop\AI Farmer MARKET\server\node_modules\router\lib\route.js:117:3)
    at handle (C:\Users\Asus\Desktop\AI Farmer MARKET\server\node_modules\router\index.js:435:11)
    at Layer.handleRequest (C:\Users\Asus\Desktop\AI Farmer MARKET\server\node_modules\router\lib\layer.js:152:17)
    at C:\Users\Asus\Desktop\AI Farmer MARKET\server\node_modules\router\index.js:295:15
2026-07-15 19:32:51 [31merror[39m: Error: Request failed with status code 401
AxiosError: Request failed with status code 401
    at settle (C:\Users\Asus\Desktop\AI Farmer MARKET\server\node_modules\axios\dist\node\axios.cjs:2216:12)
    at IncomingMessage.handleStreamEnd (C:\Users\Asus\Desktop\AI Farmer MARKET\server\node_modules\axios\dist\node\axios.cjs:4062:11)
    at IncomingMessage.emit (node:events:520:35)
    at endReadableNT (node:internal/streams/readable:1729:12)
    at process.processTicksAndRejections (node:internal/process/task_queues:90:21)
    at Axios.request (C:\Users\Asus\Desktop\AI Farmer MARKET\server\node_modules\axios\dist\node\axios.cjs:5517:41)
    at process.processTicksAndRejections (node:internal/process/task_queues:104:5)
    at async Promise.all (index 1)
    at async getWeather (C:\Users\Asus\Desktop\AI Farmer MARKET\server\src\controllers\weather.controller.js:48:26)
2026-07-15 19:32:51 [31merror[39m: Error: Request failed with status code 401
AxiosError: Request failed with status code 401
    at settle (C:\Users\Asus\Desktop\AI Farmer MARKET\server\node_modules\axios\dist\node\axios.cjs:2216:12)
    at IncomingMessage.handleStreamEnd (C:\Users\Asus\Desktop\AI Farmer MARKET\server\node_modules\axios\dist\node\axios.cjs:4062:11)
    at IncomingMessage.emit (node:events:520:35)
    at endReadableNT (node:internal/streams/readable:1729:12)
    at process.processTicksAndRejections (node:internal/process/task_queues:90:21)
    at Axios.request (C:\Users\Asus\Desktop\AI Farmer MARKET\server\node_modules\axios\dist\node\axios.cjs:5517:41)
    at process.processTicksAndRejections (node:internal/process/task_queues:104:5)
    at async Promise.all (index 1)
    at async getWeather (C:\Users\Asus\Desktop\AI Farmer MARKET\server\src\controllers\weather.controller.js:48:26)
2026-07-15 19:32:51 [31merror[39m: Error: Request failed with status code 401
AxiosError: Request failed with status code 401
    at settle (C:\Users\Asus\Desktop\AI Farmer MARKET\server\node_modules\axios\dist\node\axios.cjs:2216:12)
    at IncomingMessage.handleStreamEnd (C:\Users\Asus\Desktop\AI Farmer MARKET\server\node_modules\axios\dist\node\axios.cjs:4062:11)
    at IncomingMessage.emit (node:events:520:35)
    at endReadableNT (node:internal/streams/readable:1729:12)
    at process.processTicksAndRejections (node:internal/process/task_queues:90:21)
    at Axios.request (C:\Users\Asus\Desktop\AI Farmer MARKET\server\node_modules\axios\dist\node\axios.cjs:5517:41)
    at process.processTicksAndRejections (node:internal/process/task_queues:104:5)
    at async Promise.all (index 0)
    at async getWeather (C:\Users\Asus\Desktop\AI Farmer MARKET\server\src\controllers\weather.controller.js:48:26)
2026-07-15 19:32:52 [31merror[39m: Error: Request failed with status code 401
AxiosError: Request failed with status code 401
    at settle (C:\Users\Asus\Desktop\AI Farmer MARKET\server\node_modules\axios\dist\node\axios.cjs:2216:12)
    at IncomingMessage.handleStreamEnd (C:\Users\Asus\Desktop\AI Farmer MARKET\server\node_modules\axios\dist\node\axios.cjs:4062:11)
    at IncomingMessage.emit (node:events:520:35)
    at endReadableNT (node:internal/streams/readable:1729:12)
    at process.processTicksAndRejections (node:internal/process/task_queues:90:21)
    at Axios.request (C:\Users\Asus\Desktop\AI Farmer MARKET\server\node_modules\axios\dist\node\axios.cjs:5517:41)
    at process.processTicksAndRejections (node:internal/process/task_queues:104:5)
    at async Promise.all (index 0)
    at async getWeather (C:\Users\Asus\Desktop\AI Farmer MARKET\server\src\controllers\weather.controller.js:48:26)
